<?xml version="1.0" encoding="UTF-8"?>
<!-- Generated by org.testng.reporters.JUnitXMLReporter -->
<testsuite hostname="DHANUSH" ignored="0" name="Default test" tests="3" failures="0" timestamp="2020-06-23T23:20:06 IST" time="74.958" errors="0">
  <testcase name="loginPageTitleTest" time="0.097" classname="com.bank.qa.testcases.LoginPageTest"/>
  <testcase name="loginPageLogoTest" time="0.326" classname="com.bank.qa.testcases.LoginPageTest"/>
  <testcase name="loginTest" time="5.245" classname="com.bank.qa.testcases.LoginPageTest"/>
</testsuite> <!-- Default test -->
