<?xml version="1.0" encoding="UTF-8"?>
<!-- Generated by org.testng.reporters.JUnitXMLReporter -->
<testsuite hostname="DHANUSH" ignored="0" name="Bank Automation Test cases Test" tests="7" failures="0" timestamp="2020-06-21T01:42:07 IST" time="133.193" errors="0">
  <testcase name="loginPageTitleTest" time="0.126" classname="com.bank.qa.testcases.LoginPageTest"/>
  <testcase name="loginPageLogoTest" time="0.27" classname="com.bank.qa.testcases.LoginPageTest"/>
  <testcase name="loginTest" time="5.307" classname="com.bank.qa.testcases.LoginPageTest"/>
  <testcase name="verifyHomePageTitleTest" time="0.023" classname="com.bank.qa.testcases.HomePageTest"/>
  <testcase name="clickNewCustomerLink" time="2.006" classname="com.bank.qa.testcases.HomePageTest"/>
  <testcase name="enterCustomerNameTest" time="0.0" classname="com.bank.qa.testcases.NewCustomerPageTest">
    <skipped/>
  </testcase> <!-- enterCustomerNameTest -->
  <testcase name="validateNewCustomerPageTilteTest" time="0.043" classname="com.bank.qa.testcases.NewCustomerPageTest"/>
</testsuite> <!-- Bank Automation Test cases Test -->
