<?xml version="1.0" encoding="UTF-8"?>
<testng-results skipped="0" failed="1" ignored="0" total="2" passed="1">
  <reporter-output>
  </reporter-output>
  <suite name="Default suite" duration-ms="31154" started-at="2020-08-05T21:55:12 IST" finished-at="2020-08-05T21:55:43 IST">
    <groups>
    </groups>
    <test name="Default test" duration-ms="31154" started-at="2020-08-05T21:55:12 IST" finished-at="2020-08-05T21:55:43 IST">
      <class name="com.bank.qa.testcases.MiniStatementPageTest">
        <test-method status="PASS" signature="setUp()[pri:0, instance:com.bank.qa.testcases.MiniStatementPageTest@17579e0f]" name="setUp" is-config="true" duration-ms="13028" started-at="2020-08-05T21:55:12 IST" finished-at="2020-08-05T21:55:25 IST">
          <reporter-output>
          </reporter-output>
        </test-method> <!-- setUp -->
        <test-method status="FAIL" signature="verifyMiniStamentPageTitleTest()[pri:1, instance:com.bank.qa.testcases.MiniStatementPageTest@17579e0f]" name="verifyMiniStamentPageTitleTest" duration-ms="1672" started-at="2020-08-05T21:55:25 IST" finished-at="2020-08-05T21:55:27 IST">
          <exception class="java.lang.NullPointerException">
            <full-stacktrace>
              <![CDATA[java.lang.NullPointerException
at com.bank.qa.testcases.MiniStatementPageTest.verifyMiniStamentPageTitleTest(MiniStatementPageTest.java:37)
at sun.reflect.NativeMethodAccessorImpl.invoke0(Native Method)
at sun.reflect.NativeMethodAccessorImpl.invoke(Unknown Source)
at sun.reflect.DelegatingMethodAccessorImpl.invoke(Unknown Source)
at java.lang.reflect.Method.invoke(Unknown Source)
at org.testng.internal.MethodInvocationHelper.invokeMethod(MethodInvocationHelper.java:134)
at org.testng.internal.TestInvoker.invokeMethod(TestInvoker.java:597)
at org.testng.internal.TestInvoker.invokeTestMethod(TestInvoker.java:173)
at org.testng.internal.MethodRunner.runInSequence(MethodRunner.java:46)
at org.testng.internal.TestInvoker$MethodInvocationAgent.invoke(TestInvoker.java:816)
at org.testng.internal.TestInvoker.invokeTestMethods(TestInvoker.java:146)
at org.testng.internal.TestMethodWorker.invokeTestMethods(TestMethodWorker.java:146)
at org.testng.internal.TestMethodWorker.run(TestMethodWorker.java:128)
at java.util.ArrayList.forEach(Unknown Source)
at org.testng.TestRunner.privateRun(TestRunner.java:766)
at org.testng.TestRunner.run(TestRunner.java:587)
at org.testng.SuiteRunner.runTest(SuiteRunner.java:384)
at org.testng.SuiteRunner.runSequentially(SuiteRunner.java:378)
at org.testng.SuiteRunner.privateRun(SuiteRunner.java:337)
at org.testng.SuiteRunner.run(SuiteRunner.java:286)
at org.testng.SuiteRunnerWorker.runSuite(SuiteRunnerWorker.java:53)
at org.testng.SuiteRunnerWorker.run(SuiteRunnerWorker.java:96)
at org.testng.TestNG.runSuitesSequentially(TestNG.java:1187)
at org.testng.TestNG.runSuitesLocally(TestNG.java:1109)
at org.testng.TestNG.runSuites(TestNG.java:1039)
at org.testng.TestNG.run(TestNG.java:1007)
at org.testng.remote.AbstractRemoteTestNG.run(AbstractRemoteTestNG.java:115)
at org.testng.remote.RemoteTestNG.initAndRun(RemoteTestNG.java:251)
at org.testng.remote.RemoteTestNG.main(RemoteTestNG.java:77)
]]>
            </full-stacktrace>
          </exception> <!-- java.lang.NullPointerException -->
          <reporter-output>
          </reporter-output>
        </test-method> <!-- verifyMiniStamentPageTitleTest -->
        <test-method status="PASS" signature="tearDown()[pri:0, instance:com.bank.qa.testcases.MiniStatementPageTest@17579e0f]" name="tearDown" is-config="true" duration-ms="1304" started-at="2020-08-05T21:55:27 IST" finished-at="2020-08-05T21:55:28 IST">
          <reporter-output>
          </reporter-output>
        </test-method> <!-- tearDown -->
        <test-method status="PASS" signature="setUp()[pri:0, instance:com.bank.qa.testcases.MiniStatementPageTest@17579e0f]" name="setUp" is-config="true" duration-ms="10162" started-at="2020-08-05T21:55:28 IST" finished-at="2020-08-05T21:55:39 IST">
          <reporter-output>
          </reporter-output>
        </test-method> <!-- setUp -->
        <test-method status="PASS" signature="enterAccttNo()[pri:2, instance:com.bank.qa.testcases.MiniStatementPageTest@17579e0f]" name="enterAccttNo" duration-ms="3486" started-at="2020-08-05T21:55:39 IST" finished-at="2020-08-05T21:55:42 IST">
          <reporter-output>
          </reporter-output>
        </test-method> <!-- enterAccttNo -->
        <test-method status="PASS" signature="tearDown()[pri:0, instance:com.bank.qa.testcases.MiniStatementPageTest@17579e0f]" name="tearDown" is-config="true" duration-ms="1368" started-at="2020-08-05T21:55:42 IST" finished-at="2020-08-05T21:55:43 IST">
          <reporter-output>
          </reporter-output>
        </test-method> <!-- tearDown -->
      </class> <!-- com.bank.qa.testcases.MiniStatementPageTest -->
    </test> <!-- Default test -->
  </suite> <!-- Default suite -->
</testng-results>
